<?xml version="1.0" encoding="UTF-8"?>
<!-- Generated by org.testng.reporters.JUnitXMLReporter -->
<testsuite hostname="DESKTOP-A2RDTGL" name="Surefire test" tests="10" failures="0" timestamp="12 Dec 2018 14:47:04 GMT" time="0.56" errors="0">
  <testcase name="testUpphöjtTill2 on testUpphöjtTill2(com.LennhedenMathias.Maven.Calculator_MathiasL.MyAdvancedOperationsTest)" time="0.039" classname="com.LennhedenMathias.Maven.Calculator_MathiasL.MyAdvancedOperationsTest"/>
  <testcase name="testUpphöjtTill3 on testUpphöjtTill3(com.LennhedenMathias.Maven.Calculator_MathiasL.MyAdvancedOperationsTest)" time="0.019" classname="com.LennhedenMathias.Maven.Calculator_MathiasL.MyAdvancedOperationsTest"/>
  <testcase name="testEttDelatMedX on testEttDelatMedX(com.LennhedenMathias.Maven.Calculator_MathiasL.MyAdvancedOperationsTest)" time="0.016" classname="com.LennhedenMathias.Maven.Calculator_MathiasL.MyAdvancedOperationsTest"/>
  <testcase name="testXUpphöjtMedX on testXUpphöjtMedX(com.LennhedenMathias.Maven.Calculator_MathiasL.MyAdvancedOperationsTest)" time="0.012" classname="com.LennhedenMathias.Maven.Calculator_MathiasL.MyAdvancedOperationsTest"/>
  <testcase name="testModulus on testModulus(com.LennhedenMathias.Maven.Calculator_MathiasL.MyAdvancedOperationsTest)" time="0.015" classname="com.LennhedenMathias.Maven.Calculator_MathiasL.MyAdvancedOperationsTest"/>
  <testcase name="testRotenUr on testRotenUr(com.LennhedenMathias.Maven.Calculator_MathiasL.MyAdvancedOperationsTest)" time="0.012" classname="com.LennhedenMathias.Maven.Calculator_MathiasL.MyAdvancedOperationsTest"/>
  <testcase name="testMultiplikation on testMultiplikation(com.LennhedenMathias.Maven.Calculator_MathiasL.MyBasicOperationsTest)" time="0.022" classname="com.LennhedenMathias.Maven.Calculator_MathiasL.MyBasicOperationsTest"/>
  <testcase name="testDivision on testDivision(com.LennhedenMathias.Maven.Calculator_MathiasL.MyBasicOperationsTest)" time="0.01" classname="com.LennhedenMathias.Maven.Calculator_MathiasL.MyBasicOperationsTest"/>
  <testcase name="testAddititon on testAddititon(com.LennhedenMathias.Maven.Calculator_MathiasL.MyBasicOperationsTest)" time="0.012" classname="com.LennhedenMathias.Maven.Calculator_MathiasL.MyBasicOperationsTest"/>
  <testcase name="testSubtraktion on testSubtraktion(com.LennhedenMathias.Maven.Calculator_MathiasL.MyBasicOperationsTest)" time="0.016" classname="com.LennhedenMathias.Maven.Calculator_MathiasL.MyBasicOperationsTest"/>
</testsuite> <!-- Surefire test -->
